# JRE version: OpenJDK Runtime Environment (20.0.2+9) (build 20.0.2+9-78)
# Java VM: OpenJDK 64-Bit Server VM (20.0.2+9-78, mixed mode, sharing, tiered, compressed oops, compressed class ptrs, g1 gc, windows-amd64)
GC Precious Log:
 CardTable entry size: 512
 Card Set container configuration: InlinePtr #cards 5 size 8 Array Of Cards #cards 12 size 40 Howl #buckets 4 coarsen threshold 1843 Howl Bitmap #cards 512 size 80 coarsen threshold 460 Card regions per heap region 1 cards per card region 2048
 CPUs: 4 total, 4 available
 Memory: 3918M
 Large Page Support: Disabled
 NUMA Support: Disabled
 Compressed Oops: Enabled (32-bit)
 Heap Region Size: 1M
 Heap Min Capacity: 8M
 Heap Initial Capacity: 62M
 Heap Max Capacity: 980M
 Pre-touch: Disabled
 Parallel Workers: 4
 Concurrent Workers: 1
 Concurrent Refinement Workers: 4
 Periodic GC: Disabled
Heap:
 garbage-first heap   total 51200K, used 30186K [0x00000000c2c00000, 0x0000000100000000)
  region size 1024K, 14 young (14336K), 2 survivors (2048K)
 Metaspace       used 34825K, committed 35328K, reserved 1114112K
  class space    used 4484K, committed 4736K, reserved 1048576K
GC Heap History (14 events):
Event: 12.770 GC heap before
{Heap before GC invocations=0 (full 0):
 garbage-first heap   total 63488K, used 13312K [0x00000000c2c00000, 0x0000000100000000)
  region size 1024K, 13 young (13312K), 0 survivors (0K)
 Metaspace       used 3467K, committed 3584K, reserved 1114112K
  class space    used 333K, committed 384K, reserved 1048576K
}
Event: 12.782 GC heap after
{Heap after GC invocations=1 (full 0):
 garbage-first heap   total 63488K, used 6912K [0x00000000c2c00000, 0x0000000100000000)
  region size 1024K, 2 young (2048K), 2 survivors (2048K)
 Metaspace       used 3467K, committed 3584K, reserved 1114112K
  class space    used 333K, committed 384K, reserved 1048576K
}
Event: 13.578 GC heap before
{Heap before GC invocations=1 (full 0):
 garbage-first heap   total 63488K, used 18176K [0x00000000c2c00000, 0x0000000100000000)
  region size 1024K, 14 young (14336K), 2 survivors (2048K)
 Metaspace       used 7163K, committed 7424K, reserved 1114112K
  class space    used 838K, committed 960K, reserved 1048576K
}
Event: 13.587 GC heap after
{Heap after GC invocations=2 (full 0):
 garbage-first heap   total 63488K, used 8439K [0x00000000c2c00000, 0x0000000100000000)
  region size 1024K, 2 young (2048K), 2 survivors (2048K)
 Metaspace       used 7163K, committed 7424K, reserved 1114112K
  class space    used 838K, committed 960K, reserved 1048576K
}
Event: 14.548 GC heap before
{Heap before GC invocations=2 (full 0):
 garbage-first heap   total 63488K, used 31991K [0x00000000c2c00000, 0x0000000100000000)
  region size 1024K, 26 young (26624K), 2 survivors (2048K)
 Metaspace       used 14007K, committed 14336K, reserved 1114112K
  class space    used 1646K, committed 1792K, reserved 1048576K
}
Event: 14.555 GC heap after
{Heap after GC invocations=3 (full 0):
 garbage-first heap   total 63488K, used 10371K [0x00000000c2c00000, 0x0000000100000000)
  region size 1024K, 3 young (3072K), 3 survivors (3072K)
 Metaspace       used 14007K, committed 14336K, reserved 1114112K
  class space    used 1646K, committed 1792K, reserved 1048576K
}
Event: 16.624 GC heap before
{Heap before GC invocations=3 (full 0):
 garbage-first heap   total 63488K, used 45187K [0x00000000c2c00000, 0x0000000100000000)
  region size 1024K, 37 young (37888K), 3 survivors (3072K)
 Metaspace       used 19264K, committed 19520K, reserved 1114112K
  class space    used 2302K, committed 2432K, reserved 1048576K
}
Event: 16.640 GC heap after
{Heap after GC invocations=4 (full 0):
 garbage-first heap   total 63488K, used 13435K [0x00000000c2c00000, 0x0000000100000000)
  region size 1024K, 5 young (5120K), 5 survivors (5120K)
 Metaspace       used 19264K, committed 19520K, reserved 1114112K
  class space    used 2302K, committed 2432K, reserved 1048576K
}
Event: 17.275 GC heap before
{Heap before GC invocations=4 (full 0):
 garbage-first heap   total 63488K, used 23675K [0x00000000c2c00000, 0x0000000100000000)
  region size 1024K, 16 young (16384K), 5 survivors (5120K)
 Metaspace       used 21208K, committed 21504K, reserved 1114112K
  class space    used 2545K, committed 2688K, reserved 1048576K
}
Event: 17.294 GC heap after
{Heap after GC invocations=5 (full 0):
 garbage-first heap   total 63488K, used 14154K [0x00000000c2c00000, 0x0000000100000000)
  region size 1024K, 1 young (1024K), 1 survivors (1024K)
 Metaspace       used 21208K, committed 21504K, reserved 1114112K
  class space    used 2545K, committed 2688K, reserved 1048576K
}
Event: 24.320 GC heap before
{Heap before GC invocations=6 (full 0):
 garbage-first heap   total 51200K, used 43850K [0x00000000c2c00000, 0x0000000100000000)
  region size 1024K, 30 young (30720K), 1 survivors (1024K)
 Metaspace       used 26181K, committed 26688K, reserved 1114112K
  class space    used 3310K, committed 3520K, reserved 1048576K
}
Event: 24.340 GC heap after
{Heap after GC invocations=7 (full 0):
 garbage-first heap   total 51200K, used 17349K [0x00000000c2c00000, 0x0000000100000000)
  region size 1024K, 4 young (4096K), 4 survivors (4096K)
 Metaspace       used 26181K, committed 26688K, reserved 1114112K
  class space    used 3310K, committed 3520K, reserved 1048576K
}
Event: 29.269 GC heap before
{Heap before GC invocations=7 (full 0):
 garbage-first heap   total 51200K, used 40901K [0x00000000c2c00000, 0x0000000100000000)
  region size 1024K, 27 young (27648K), 4 survivors (4096K)
 Metaspace       used 31529K, committed 32064K, reserved 1114112K
  class space    used 3959K, committed 4224K, reserved 1048576K
}
Event: 29.297 GC heap after
{Heap after GC invocations=8 (full 0):
 garbage-first heap   total 51200K, used 18922K [0x00000000c2c00000, 0x0000000100000000)
  region size 1024K, 2 young (2048K), 2 survivors (2048K)
 Metaspace       used 31529K, committed 32064K, reserved 1114112K
  class space    used 3959K, committed 4224K, reserved 1048576K
}

